{"meta": {"format": 3, "version": "7.6.12", "timestamp": "2025-03-07T02:04:48.007600", "branch_coverage": false, "show_contexts": false}, "files": {"call_graph_demo.py": {"executed_lines": [], "summary": {"covered_lines": 0, "num_statements": 47, "percent_covered": 0.0, "percent_covered_display": "0", "missing_lines": 47, "excluded_lines": 0}, "missing_lines": [8, 9, 10, 13, 15, 16, 17, 20, 25, 29, 77, 79, 80, 82, 83, 89, 90, 92, 95, 97, 100, 103, 106, 108, 111, 112, 115, 116, 119, 125, 126, 129, 130, 134, 137, 138, 139, 141, 143, 144, 146, 147, 148, 149, 150, 153, 154], "excluded_lines": [], "functions": {"create_mock_functions": {"executed_lines": [], "summary": {"covered_lines": 0, "num_statements": 7, "percent_covered": 0.0, "percent_covered_display": "0", "missing_lines": 7, "excluded_lines": 0}, "missing_lines": [79, 80, 82, 83, 89, 90, 92], "excluded_lines": []}, "main": {"executed_lines": [], "summary": {"covered_lines": 0, "num_statements": 26, "percent_covered": 0.0, "percent_covered_display": "0", "missing_lines": 26, "excluded_lines": 0}, "missing_lines": [97, 100, 103, 106, 108, 111, 112, 115, 116, 119, 125, 126, 129, 130, 134, 137, 138, 139, 141, 143, 144, 146, 147, 148, 149, 150], "excluded_lines": []}, "": {"executed_lines": [], "summary": {"covered_lines": 0, "num_statements": 14, "percent_covered": 0.0, "percent_covered_display": "0", "missing_lines": 14, "excluded_lines": 0}, "missing_lines": [8, 9, 10, 13, 15, 16, 17, 20, 25, 29, 77, 95, 153, 154], "excluded_lines": []}}, "classes": {"": {"executed_lines": [], "summary": {"covered_lines": 0, "num_statements": 47, "percent_covered": 0.0, "percent_covered_display": "0", "missing_lines": 47, "excluded_lines": 0}, "missing_lines": [8, 9, 10, 13, 15, 16, 17, 20, 25, 29, 77, 79, 80, 82, 83, 89, 90, 92, 95, 97, 100, 103, 106, 108, 111, 112, 115, 116, 119, 125, 126, 129, 130, 134, 137, 138, 139, 141, 143, 144, 146, 147, 148, 149, 150, 153, 154], "excluded_lines": []}}}, "complexity_analysis_demo.py": {"executed_lines": [], "summary": {"covered_lines": 0, "num_statements": 53, "percent_covered": 0.0, "percent_covered_display": "0", "missing_lines": 53, "excluded_lines": 0}, "missing_lines": [8, 9, 10, 11, 14, 16, 17, 20, 25, 29, 105, 107, 110, 113, 119, 121, 122, 123, 126, 129, 130, 131, 132, 135, 138, 139, 140, 141, 142, 143, 145, 146, 148, 151, 152, 153, 154, 155, 156, 158, 159, 161, 164, 166, 167, 168, 169, 170, 171, 172, 174, 177, 178], "excluded_lines": [], "functions": {"main": {"executed_lines": [], "summary": {"covered_lines": 0, "num_statements": 40, "percent_covered": 0.0, "percent_covered_display": "0", "missing_lines": 40, "excluded_lines": 0}, "missing_lines": [107, 110, 113, 119, 121, 122, 123, 126, 129, 130, 131, 132, 135, 138, 139, 140, 141, 142, 143, 145, 146, 148, 151, 152, 153, 154, 155, 156, 158, 159, 161, 164, 166, 167, 168, 169, 170, 171, 172, 174], "excluded_lines": []}, "": {"executed_lines": [], "summary": {"covered_lines": 0, "num_statements": 13, "percent_covered": 0.0, "percent_covered_display": "0", "missing_lines": 13, "excluded_lines": 0}, "missing_lines": [8, 9, 10, 11, 14, 16, 17, 20, 25, 29, 105, 177, 178], "excluded_lines": []}}, "classes": {"": {"executed_lines": [], "summary": {"covered_lines": 0, "num_statements": 53, "percent_covered": 0.0, "percent_covered_display": "0", "missing_lines": 53, "excluded_lines": 0}, "missing_lines": [8, 9, 10, 11, 14, 16, 17, 20, 25, 29, 105, 107, 110, 113, 119, 121, 122, 123, 126, 129, 130, 131, 132, 135, 138, 139, 140, 141, 142, 143, 145, 146, 148, 151, 152, 153, 154, 155, 156, 158, 159, 161, 164, 166, 167, 168, 169, 170, 171, 172, 174, 177, 178], "excluded_lines": []}}}, "enhanced_qa_workflow_demo.py": {"executed_lines": [], "summary": {"covered_lines": 0, "num_statements": 132, "percent_covered": 0.0, "percent_covered_display": "0", "missing_lines": 132, "excluded_lines": 0}, "missing_lines": [8, 9, 10, 11, 14, 16, 17, 18, 19, 20, 21, 24, 29, 32, 35, 42, 43, 46, 47, 48, 51, 52, 54, 61, 64, 65, 68, 71, 74, 77, 78, 80, 82, 89, 91, 92, 94, 95, 97, 98, 99, 100, 101, 102, 104, 106, 117, 136, 142, 144, 146, 148, 151, 152, 153, 155, 157, 160, 161, 162, 164, 169, 170, 171, 174, 175, 177, 179, 182, 185, 186, 191, 192, 193, 195, 196, 197, 199, 206, 209, 211, 212, 215, 216, 218, 219, 222, 223, 226, 227, 229, 232, 235, 236, 241, 244, 246, 247, 248, 249, 250, 251, 254, 261, 262, 264, 265, 267, 268, 269, 270, 271, 272, 273, 274, 275, 277, 278, 281, 283, 286, 289, 290, 293, 295, 296, 297, 298, 299, 300, 303, 304], "excluded_lines": [], "functions": {"EnhancedQAWorkflow.__init__": {"executed_lines": [], "summary": {"covered_lines": 0, "num_statements": 7, "percent_covered": 0.0, "percent_covered_display": "0", "missing_lines": 7, "excluded_lines": 0}, "missing_lines": [42, 43, 46, 47, 48, 51, 52], "excluded_lines": []}, "EnhancedQAWorkflow.run": {"executed_lines": [], "summary": {"covered_lines": 0, "num_statements": 9, "percent_covered": 0.0, "percent_covered_display": "0", "missing_lines": 9, "excluded_lines": 0}, "missing_lines": [61, 64, 65, 68, 71, 74, 77, 78, 80], "excluded_lines": []}, "EnhancedQAWorkflow._gather_functions": {"executed_lines": [], "summary": {"covered_lines": 0, "num_statements": 12, "percent_covered": 0.0, "percent_covered_display": "0", "missing_lines": 12, "excluded_lines": 0}, "missing_lines": [89, 91, 92, 94, 95, 97, 98, 99, 100, 101, 102, 104], "excluded_lines": []}, "EnhancedQAWorkflow._get_code_files": {"executed_lines": [], "summary": {"covered_lines": 0, "num_statements": 3, "percent_covered": 0.0, "percent_covered_display": "0", "missing_lines": 3, "excluded_lines": 0}, "missing_lines": [117, 136, 142], "excluded_lines": []}, "EnhancedQAWorkflow._analyze_call_frequencies": {"executed_lines": [], "summary": {"covered_lines": 0, "num_statements": 5, "percent_covered": 0.0, "percent_covered_display": "0", "missing_lines": 5, "excluded_lines": 0}, "missing_lines": [146, 148, 151, 152, 153], "excluded_lines": []}, "EnhancedQAWorkflow._analyze_git_history": {"executed_lines": [], "summary": {"covered_lines": 0, "num_statements": 10, "percent_covered": 0.0, "percent_covered_display": "0", "missing_lines": 10, "excluded_lines": 0}, "missing_lines": [157, 160, 161, 162, 164, 169, 170, 171, 174, 175], "excluded_lines": []}, "EnhancedQAWorkflow._analyze_test_coverage": {"executed_lines": [], "summary": {"covered_lines": 0, "num_statements": 10, "percent_covered": 0.0, "percent_covered_display": "0", "missing_lines": 10, "excluded_lines": 0}, "missing_lines": [179, 182, 185, 186, 191, 192, 193, 195, 196, 197], "excluded_lines": []}, "EnhancedQAWorkflow._prioritize_functions": {"executed_lines": [], "summary": {"covered_lines": 0, "num_statements": 17, "percent_covered": 0.0, "percent_covered_display": "0", "missing_lines": 17, "excluded_lines": 0}, "missing_lines": [206, 209, 211, 212, 215, 216, 218, 219, 222, 223, 226, 227, 229, 232, 235, 236, 241], "excluded_lines": []}, "create_sample_config": {"executed_lines": [], "summary": {"covered_lines": 0, "num_statements": 6, "percent_covered": 0.0, "percent_covered_display": "0", "missing_lines": 6, "excluded_lines": 0}, "missing_lines": [246, 247, 248, 249, 250, 251], "excluded_lines": []}, "display_test_recommendations": {"executed_lines": [], "summary": {"covered_lines": 0, "num_statements": 15, "percent_covered": 0.0, "percent_covered_display": "0", "missing_lines": 15, "excluded_lines": 0}, "missing_lines": [261, 262, 264, 265, 267, 268, 269, 270, 271, 272, 273, 274, 275, 277, 278], "excluded_lines": []}, "main": {"executed_lines": [], "summary": {"covered_lines": 0, "num_statements": 11, "percent_covered": 0.0, "percent_covered_display": "0", "missing_lines": 11, "excluded_lines": 0}, "missing_lines": [283, 286, 289, 290, 293, 295, 296, 297, 298, 299, 300], "excluded_lines": []}, "": {"executed_lines": [], "summary": {"covered_lines": 0, "num_statements": 27, "percent_covered": 0.0, "percent_covered_display": "0", "missing_lines": 27, "excluded_lines": 0}, "missing_lines": [8, 9, 10, 11, 14, 16, 17, 18, 19, 20, 21, 24, 29, 32, 35, 54, 82, 106, 144, 155, 177, 199, 244, 254, 281, 303, 304], "excluded_lines": []}}, "classes": {"EnhancedQAWorkflow": {"executed_lines": [], "summary": {"covered_lines": 0, "num_statements": 73, "percent_covered": 0.0, "percent_covered_display": "0", "missing_lines": 73, "excluded_lines": 0}, "missing_lines": [42, 43, 46, 47, 48, 51, 52, 61, 64, 65, 68, 71, 74, 77, 78, 80, 89, 91, 92, 94, 95, 97, 98, 99, 100, 101, 102, 104, 117, 136, 142, 146, 148, 151, 152, 153, 157, 160, 161, 162, 164, 169, 170, 171, 174, 175, 179, 182, 185, 186, 191, 192, 193, 195, 196, 197, 206, 209, 211, 212, 215, 216, 218, 219, 222, 223, 226, 227, 229, 232, 235, 236, 241], "excluded_lines": []}, "": {"executed_lines": [], "summary": {"covered_lines": 0, "num_statements": 59, "percent_covered": 0.0, "percent_covered_display": "0", "missing_lines": 59, "excluded_lines": 0}, "missing_lines": [8, 9, 10, 11, 14, 16, 17, 18, 19, 20, 21, 24, 29, 32, 35, 54, 82, 106, 144, 155, 177, 199, 244, 246, 247, 248, 249, 250, 251, 254, 261, 262, 264, 265, 267, 268, 269, 270, 271, 272, 273, 274, 275, 277, 278, 281, 283, 286, 289, 290, 293, 295, 296, 297, 298, 299, 300, 303, 304], "excluded_lines": []}}}, "improved_test_coverage_analysis.py": {"executed_lines": [], "summary": {"covered_lines": 0, "num_statements": 118, "percent_covered": 0.0, "percent_covered_display": "0", "missing_lines": 118, "excluded_lines": 0}, "missing_lines": [13, 14, 15, 16, 17, 18, 21, 23, 24, 25, 26, 27, 30, 35, 38, 40, 43, 45, 47, 48, 49, 50, 53, 54, 57, 58, 61, 64, 65, 66, 67, 68, 70, 82, 84, 87, 101, 104, 105, 107, 109, 113, 114, 115, 116, 117, 119, 122, 123, 124, 125, 126, 128, 132, 133, 134, 135, 136, 137, 138, 142, 143, 144, 146, 147, 148, 149, 150, 151, 154, 157, 160, 162, 165, 176, 178, 180, 182, 183, 185, 186, 188, 189, 191, 192, 193, 194, 195, 198, 206, 208, 211, 213, 216, 217, 220, 221, 224, 227, 230, 231, 233, 234, 237, 238, 241, 242, 245, 246, 247, 248, 249, 250, 251, 252, 253, 256, 257], "excluded_lines": [], "functions": {"create_sample_functions": {"executed_lines": [], "summary": {"covered_lines": 0, "num_statements": 20, "percent_covered": 0.0, "percent_covered_display": "0", "missing_lines": 20, "excluded_lines": 0}, "missing_lines": [40, 43, 45, 47, 48, 49, 50, 53, 54, 57, 58, 61, 64, 65, 66, 67, 68, 70, 82, 84], "excluded_lines": []}, "prioritize_functions": {"executed_lines": [], "summary": {"covered_lines": 0, "num_statements": 37, "percent_covered": 0.0, "percent_covered_display": "0", "missing_lines": 37, "excluded_lines": 0}, "missing_lines": [101, 104, 105, 107, 109, 113, 114, 115, 116, 117, 119, 122, 123, 124, 125, 126, 128, 132, 133, 134, 135, 136, 137, 138, 142, 143, 144, 146, 147, 148, 149, 150, 151, 154, 157, 160, 162], "excluded_lines": []}, "generate_test_recommendations": {"executed_lines": [], "summary": {"covered_lines": 0, "num_statements": 17, "percent_covered": 0.0, "percent_covered_display": "0", "missing_lines": 17, "excluded_lines": 0}, "missing_lines": [176, 178, 180, 182, 183, 185, 186, 188, 189, 191, 192, 193, 194, 195, 198, 206, 208], "excluded_lines": []}, "main": {"executed_lines": [], "summary": {"covered_lines": 0, "num_statements": 24, "percent_covered": 0.0, "percent_covered_display": "0", "missing_lines": 24, "excluded_lines": 0}, "missing_lines": [213, 216, 217, 220, 221, 224, 227, 230, 231, 233, 234, 237, 238, 241, 242, 245, 246, 247, 248, 249, 250, 251, 252, 253], "excluded_lines": []}, "": {"executed_lines": [], "summary": {"covered_lines": 0, "num_statements": 20, "percent_covered": 0.0, "percent_covered_display": "0", "missing_lines": 20, "excluded_lines": 0}, "missing_lines": [13, 14, 15, 16, 17, 18, 21, 23, 24, 25, 26, 27, 30, 35, 38, 87, 165, 211, 256, 257], "excluded_lines": []}}, "classes": {"": {"executed_lines": [], "summary": {"covered_lines": 0, "num_statements": 118, "percent_covered": 0.0, "percent_covered_display": "0", "missing_lines": 118, "excluded_lines": 0}, "missing_lines": [13, 14, 15, 16, 17, 18, 21, 23, 24, 25, 26, 27, 30, 35, 38, 40, 43, 45, 47, 48, 49, 50, 53, 54, 57, 58, 61, 64, 65, 66, 67, 68, 70, 82, 84, 87, 101, 104, 105, 107, 109, 113, 114, 115, 116, 117, 119, 122, 123, 124, 125, 126, 128, 132, 133, 134, 135, 136, 137, 138, 142, 143, 144, 146, 147, 148, 149, 150, 151, 154, 157, 160, 162, 165, 176, 178, 180, 182, 183, 185, 186, 188, 189, 191, 192, 193, 194, 195, 198, 206, 208, 211, 213, 216, 217, 220, 221, 224, 227, 230, 231, 233, 234, 237, 238, 241, 242, 245, 246, 247, 248, 249, 250, 251, 252, 253, 256, 257], "excluded_lines": []}}}}, "totals": {"covered_lines": 0, "num_statements": 350, "percent_covered": 0.0, "percent_covered_display": "0", "missing_lines": 350, "excluded_lines": 0}}